0 verbose cli /usr/local/bin/node /usr/local/lib/node_modules/npm/bin/npm-cli.js
1 info using npm@11.9.0
2 info using node@v24.14.0
3 silly config load:file:/usr/local/lib/node_modules/npm/npmrc
4 silly config load:file:/Users/kivinwang/Downloads/易家家具网站.ai/demo.tooo.ai./.npmrc
5 silly config load:file:/Users/kivinwang/.npmrc
6 silly config load:file:/usr/local/etc/npmrc
7 verbose title npm exec vercel
8 verbose argv "exec" "--" "vercel"
9 verbose logfile logs-max:10 dir:/Users/kivinwang/Downloads/易家家具网站.ai/demo.tooo.ai./.npm-cache/_logs/2026-05-25T01_16_55_240Z-
10 verbose logfile /Users/kivinwang/Downloads/易家家具网站.ai/demo.tooo.ai./.npm-cache/_logs/2026-05-25T01_16_55_240Z-debug-0.log
11 silly logfile done cleaning log files
12 silly packumentCache heap:4496293888 maxSize:1124073472 maxEntrySize:562036736
13 http fetch GET 200 https://registry.npmjs.org/vercel 256ms (cache revalidated)
14 silly packumentCache heap:4496293888 maxSize:1124073472 maxEntrySize:562036736
15 silly packumentCache heap:4496293888 maxSize:1124073472 maxEntrySize:562036736
16 verbose cwd /Users/kivinwang/Downloads/易家家具网站.ai/demo.tooo.ai/16552/347v1
17 verbose os Darwin 25.3.0
18 verbose node v24.14.0
19 verbose npm  v11.9.0
20 verbose exit 0
21 info ok
